app/build/intermediates/manifest_merge_blame_file/debug/processDebugMainManifest/manifest-merger-blame-debug-report.txt
1<?xml version="1.0" encoding="utf-8"?>
2<manifest xmlns:android="http://schemas.android.com/apk/res/android"
3    package="com.example.lscontrol"
4    android:versionCode="5"
5    android:versionName="3.1" >
6
7    <uses-sdk
8        android:minSdkVersion="26"
9        android:targetSdkVersion="34" />
10
11    <!-- Android 11以下 -->
12    <uses-permission
12-->src\main\AndroidManifest.xml:6:5-95
13        android:name="android.permission.BLUETOOTH"
13-->src\main\AndroidManifest.xml:6:22-65
14        android:maxSdkVersion="30" />
14-->src\main\AndroidManifest.xml:6:66-92
15    <uses-permission
15-->src\main\AndroidManifest.xml:7:5-101
16        android:name="android.permission.BLUETOOTH_ADMIN"
16-->src\main\AndroidManifest.xml:7:22-71
17        android:maxSdkVersion="30" />
17-->src\main\AndroidManifest.xml:7:72-98
18    <uses-permission
18-->src\main\AndroidManifest.xml:8:5-106
19        android:name="android.permission.ACCESS_FINE_LOCATION"
19-->src\main\AndroidManifest.xml:8:22-76
20        android:maxSdkVersion="30" />
20-->src\main\AndroidManifest.xml:8:77-103
21    <!-- Android 12以上 -->
22    <uses-permission
22-->src\main\AndroidManifest.xml:10:5-11:78
23        android:name="android.permission.BLUETOOTH_SCAN"
23-->src\main\AndroidManifest.xml:10:22-70
24        android:usesPermissionFlags="neverForLocation" />
24-->src\main\AndroidManifest.xml:11:9-55
25    <uses-permission android:name="android.permission.BLUETOOTH_CONNECT" />
25-->src\main\AndroidManifest.xml:12:5-76
25-->src\main\AndroidManifest.xml:12:22-73
26    <uses-permission android:name="android.permission.BLUETOOTH_ADVERTISE" />
26-->src\main\AndroidManifest.xml:13:5-78
26-->src\main\AndroidManifest.xml:13:22-75
27    <!-- INTERNET権限は宣言していない = 通信はBLEのみ（完全オフライン） -->
28
29    <uses-feature
29-->src\main\AndroidManifest.xml:16:5-90
30        android:name="android.hardware.bluetooth_le"
30-->src\main\AndroidManifest.xml:16:19-63
31        android:required="true" />
31-->src\main\AndroidManifest.xml:16:64-87
32
33    <application
33-->src\main\AndroidManifest.xml:18:5-31:19
34        android:allowBackup="false"
34-->src\main\AndroidManifest.xml:20:9-36
35        android:debuggable="true"
36        android:extractNativeLibs="false"
37        android:label="MControl"
37-->src\main\AndroidManifest.xml:19:9-33
38        android:theme="@android:style/Theme.Material.Light.NoActionBar" >
38-->src\main\AndroidManifest.xml:21:9-72
39        <activity
39-->src\main\AndroidManifest.xml:22:9-30:20
40            android:name="com.example.lscontrol.MainActivity"
40-->src\main\AndroidManifest.xml:23:13-41
41            android:exported="true"
41-->src\main\AndroidManifest.xml:24:13-36
42            android:screenOrientation="portrait" >
42-->src\main\AndroidManifest.xml:25:13-49
43            <intent-filter>
43-->src\main\AndroidManifest.xml:26:13-29:29
44                <action android:name="android.intent.action.MAIN" />
44-->src\main\AndroidManifest.xml:27:17-69
44-->src\main\AndroidManifest.xml:27:25-66
45
46                <category android:name="android.intent.category.LAUNCHER" />
46-->src\main\AndroidManifest.xml:28:17-77
46-->src\main\AndroidManifest.xml:28:27-74
47            </intent-filter>
48        </activity>
49    </application>
50
51</manifest>